2026-03-30T22:19:44.960Z  INFO 3492 --- [reservation-service] [main] c.e.r.ReservationServiceApplicationTests : Starting ReservationServiceApplicationTests using Java 21.0.1 with PID 3492 (started by Pc in C:\Users\Pc\IdeaProjects\reservation-service)
2026-03-30T22:19:44.982Z  INFO 3492 --- [reservation-service] [main] c.e.r.ReservationServiceApplicationTests : No active profile set, falling back to 1 default profile: "default"
2026-03-30T22:19:45.297Z DEBUG 3492 --- [reservation-service] [main] o.s.w.c.s.GenericWebApplicationContext   : Refreshing org.springframework.web.context.support.GenericWebApplicationContext@68b58644
2026-03-30T22:19:50.911Z  INFO 3492 --- [reservation-service] [main] .s.d.r.c.RepositoryConfigurationDelegate : Multiple Spring Data modules found, entering strict repository configuration mode
2026-03-30T22:19:50.920Z  INFO 3492 --- [reservation-service] [main] .s.d.r.c.RepositoryConfigurationDelegate : Bootstrapping Spring Data JPA repositories in DEFAULT mode.
2026-03-30T22:19:51.539Z  INFO 3492 --- [reservation-service] [main] .s.d.r.c.RepositoryConfigurationDelegate : Finished Spring Data repository scanning in 577 ms. Found 1 JPA repository interface.
2026-03-30T22:19:51.618Z  INFO 3492 --- [reservation-service] [main] .s.d.r.c.RepositoryConfigurationDelegate : Multiple Spring Data modules found, entering strict repository configuration mode
2026-03-30T22:19:51.623Z  INFO 3492 --- [reservation-service] [main] .s.d.r.c.RepositoryConfigurationDelegate : Bootstrapping Spring Data Redis repositories in DEFAULT mode.
2026-03-30T22:19:51.708Z  INFO 3492 --- [reservation-service] [main] .RepositoryConfigurationExtensionSupport : Spring Data Redis - Could not safely identify store assignment for repository candidate interface com.examenSPDO.reservation_service.dao.IReservationRepository; If you want this repository to be a Redis repository, consider annotating your entities with one of these annotations: org.springframework.data.redis.core.RedisHash (preferred), or consider extending one of the following types with your repository: org.springframework.data.keyvalue.repository.KeyValueRepository
2026-03-30T22:19:51.710Z  INFO 3492 --- [reservation-service] [main] .s.d.r.c.RepositoryConfigurationDelegate : Finished Spring Data repository scanning in 25 ms. Found 0 Redis repository interfaces.
2026-03-30T22:19:54.698Z  INFO 3492 --- [reservation-service] [main] org.hibernate.orm.jpa                    : HHH008540: Processing PersistenceUnitInfo [name: default]
2026-03-30T22:19:54.915Z  INFO 3492 --- [reservation-service] [main] org.hibernate.orm.core                   : HHH000001: Hibernate ORM core version 7.2.7.Final
2026-03-30T22:19:56.831Z  INFO 3492 --- [reservation-service] [main] o.s.o.j.p.SpringPersistenceUnitInfo      : No LoadTimeWeaver setup: ignoring JPA class transformer
2026-03-30T22:19:56.972Z  INFO 3492 --- [reservation-service] [main] com.zaxxer.hikari.HikariDataSource       : HikariPool-1 - Starting...
2026-03-30T22:19:58.526Z  INFO 3492 --- [reservation-service] [main] com.zaxxer.hikari.pool.HikariPool        : HikariPool-1 - Added connection com.mysql.cj.jdbc.ConnectionImpl@1690929
2026-03-30T22:19:58.531Z  INFO 3492 --- [reservation-service] [main] com.zaxxer.hikari.HikariDataSource       : HikariPool-1 - Start completed.
2026-03-30T22:19:58.835Z  WARN 3492 --- [reservation-service] [main] org.hibernate.orm.deprecation            : HHH90000025: MySQLDialect does not need to be specified explicitly using 'hibernate.dialect' (remove the property setting and it will be selected by default)
2026-03-30T22:19:58.925Z  INFO 3492 --- [reservation-service] [main] org.hibernate.orm.connections.pooling    : HHH10001005: Database info:
	Database JDBC URL [jdbc:mysql://localhost:3306/ms_reservation_db]
	Database driver: MySQL Connector/J
	Database dialect: MySQLDialect
	Database version: 8.0.45
	Default catalog/schema: ms_reservation_db/undefined
	Autocommit mode: undefined/unknown
	Isolation level: REPEATABLE_READ [default REPEATABLE_READ]
	JDBC fetch size: none
	Pool: DataSourceConnectionProvider
	Minimum pool size: undefined/unknown
	Maximum pool size: undefined/unknown
2026-03-30T22:20:03.504Z  INFO 3492 --- [reservation-service] [main] org.hibernate.orm.core                   : HHH000489: No JTA platform available (set 'hibernate.transaction.jta.platform' to enable JTA platform integration)
2026-03-30T22:20:03.685Z  INFO 3492 --- [reservation-service] [main] j.LocalContainerEntityManagerFactoryBean : Initialized JPA EntityManagerFactory for persistence unit 'default'
2026-03-30T22:20:04.751Z  INFO 3492 --- [reservation-service] [main] o.s.d.j.r.query.QueryEnhancerFactories   : Hibernate is in classpath; If applicable, HQL parser will be used.
2026-03-30T22:20:14.495Z  WARN 3492 --- [reservation-service] [main] JpaBaseConfiguration$JpaWebConfiguration : spring.jpa.open-in-view is enabled by default. Therefore, database queries may be performed during view rendering. Explicitly configure spring.jpa.open-in-view to disable this warning
2026-03-30T22:20:15.500Z DEBUG 3492 --- [reservation-service] [main] s.w.s.m.m.a.RequestMappingHandlerMapping : 7 mappings in 'requestMappingHandlerMapping'
2026-03-30T22:20:15.604Z DEBUG 3492 --- [reservation-service] [main] o.s.w.s.handler.SimpleUrlHandlerMapping  : Patterns [/webjars/**, /**] in 'resourceHandlerMapping'
2026-03-30T22:20:15.713Z DEBUG 3492 --- [reservation-service] [main] s.w.s.m.m.a.RequestMappingHandlerAdapter : ControllerAdvice beans: 0 @ModelAttribute, 0 @InitBinder, 2 RequestBodyAdvice, 1 ResponseBodyAdvice
2026-03-30T22:20:15.926Z DEBUG 3492 --- [reservation-service] [main] .m.m.a.ExceptionHandlerExceptionResolver : ControllerAdvice beans: 1 @ExceptionHandler, 1 ResponseBodyAdvice
2026-03-30T22:20:18.164Z  INFO 3492 --- [reservation-service] [main] o.s.b.a.e.web.EndpointLinksResolver      : Exposing 3 endpoints beneath base path '/actuator'
2026-03-30T22:20:18.663Z  INFO 3492 --- [reservation-service] [main] c.e.r.ReservationServiceApplicationTests : Started ReservationServiceApplicationTests in 36.106 seconds (process running for 42.721)
2026-03-30T22:20:20.909Z DEBUG 3492 --- [reservation-service] [SpringApplicationShutdownHook] o.s.w.c.s.GenericWebApplicationContext   : Closing org.springframework.web.context.support.GenericWebApplicationContext@68b58644, started on Mon Mar 30 22:19:45 GMT 2026
2026-03-30T22:20:21.024Z  INFO 3492 --- [reservation-service] [SpringApplicationShutdownHook] j.LocalContainerEntityManagerFactoryBean : Closing JPA EntityManagerFactory for persistence unit 'default'
2026-03-30T22:20:21.032Z  INFO 3492 --- [reservation-service] [SpringApplicationShutdownHook] com.zaxxer.hikari.HikariDataSource       : HikariPool-1 - Shutdown initiated...
2026-03-30T22:20:21.076Z  INFO 3492 --- [reservation-service] [SpringApplicationShutdownHook] com.zaxxer.hikari.HikariDataSource       : HikariPool-1 - Shutdown completed.
